<?xml version="1.0" encoding="UTF-8"?>
<!-- Generated by org.testng.reporters.JUnitReportReporter -->
<testsuite skipped="2" hostname="LAPTOP-0MK9KKKF" name="TestClass.CheckOutPageTest" tests="3" failures="0" timestamp="2023-08-26T20:06:31 IST" time="35.254" errors="0">
  <testcase name="verifyYourDetailsTest" time="35.254" classname="TestClass.CheckOutPageTest"/>
  <testcase name="verifyCheckoutStepOneUrlTest" classname="TestClass.CheckOutPageTest">
    <skipped/>
  </testcase> <!-- verifyCheckoutStepOneUrlTest -->
  <testcase name="verifyYourInfoLabelTest" classname="TestClass.CheckOutPageTest">
    <skipped/>
  </testcase> <!-- verifyYourInfoLabelTest -->
</testsuite> <!-- TestClass.CheckOutPageTest -->
