<?xml version="1.0" encoding="UTF-8"?>
<!-- Generated by org.testng.reporters.JUnitReportReporter -->
<testsuite skipped="0" hostname="LAPTOP-0MK9KKKF" name="TestClass.CheckOutPage2Test" tests="4" failures="0" timestamp="2023-08-26T21:35:26 IST" time="119.183" errors="0">
  <testcase name="finishPageTest" time="30.926" classname="TestClass.CheckOutPage2Test"/>
  <testcase name="verifySummaryTest" time="28.731" classname="TestClass.CheckOutPage2Test"/>
  <testcase name="verifyCheckOutOverviewLabelTest" time="26.889" classname="TestClass.CheckOutPage2Test"/>
  <testcase name="verifyCheckOutStep2PageUrlTest" time="32.637" classname="TestClass.CheckOutPage2Test"/>
</testsuite> <!-- TestClass.CheckOutPage2Test -->
