<?xml version="1.0" encoding="UTF-8"?>
<!-- Generated by org.testng.reporters.JUnitReportReporter -->
<testsuite skipped="0" hostname="LAPTOP-0MK9KKKF" name="TestClass.CartPageTest" tests="4" failures="0" timestamp="2023-08-25T21:07:56 IST" time="81.837" errors="0">
  <testcase name="verifyCartItemsTest" time="27.752" classname="TestClass.CartPageTest"/>
  <testcase name="verifyYourCartLabelTest" time="17.643" classname="TestClass.CartPageTest"/>
  <testcase name="verifyCheckOutBtnTest" time="18.514" classname="TestClass.CartPageTest"/>
  <testcase name="verifyUrlOfCartPageTest" time="17.928" classname="TestClass.CartPageTest"/>
</testsuite> <!-- TestClass.CartPageTest -->
